{
  "RSpec": {
    "coverage": {
      "/Users/mark.daniels/GitHub/rails-emr-challenge/config/environment.rb": [
        null,
        1,
        null,
        null,
        1
      ],
      "/Users/mark.daniels/GitHub/rails-emr-challenge/config/application.rb": [
        1,
        null,
        1,
        null,
        1,
        1,
        1,
        1,
        1,
        1,
        1,
        1,
        1,
        1,
        null,
        null,
        null,
        null,
        null,
        1,
        null,
        1,
        1,
        null,
        1,
        null,
        null,
        null,
        null,
        null,
        null,
        null,
        null,
        null,
        1,
        null,
        null
      ],
      "/Users/mark.daniels/GitHub/rails-emr-challenge/config/boot.rb": [
        1,
        null,
        1,
        1
      ],
      "/Users/mark.daniels/GitHub/rails-emr-challenge/config/environments/test.rb": [
        null,
        null,
        null,
        null,
        null,
        1,
        null,
        null,
        1,
        null,
        null,
        null,
        null,
        1,
        null,
        null,
        1,
        1,
        null,
        null,
        null,
        null,
        1,
        1,
        1,
        null,
        null,
        1,
        null,
        null,
        1,
        null,
        null,
        1,
        null,
        1,
        null,
        null,
        null,
        null,
        1,
        null,
        null,
        1,
        null,
        null,
        null,
        null
      ],
      "/Users/mark.daniels/GitHub/rails-emr-challenge/config/initializers/application_controller_renderer.rb": [
        null,
        null,
        null,
        null,
        null,
        null,
        null,
        null
      ],
      "/Users/mark.daniels/GitHub/rails-emr-challenge/config/initializers/backtrace_silencers.rb": [
        null,
        null,
        null,
        null,
        null,
        null,
        null
      ],
      "/Users/mark.daniels/GitHub/rails-emr-challenge/config/initializers/cors.rb": [
        null,
        null,
        null,
        null,
        null,
        null,
        null,
        null,
        null,
        null,
        null,
        null,
        null,
        null,
        null,
        null
      ],
      "/Users/mark.daniels/GitHub/rails-emr-challenge/config/initializers/filter_parameter_logging.rb": [
        null,
        null,
        null,
        1
      ],
      "/Users/mark.daniels/GitHub/rails-emr-challenge/config/initializers/inflections.rb": [
        null,
        null,
        null,
        null,
        null,
        null,
        null,
        null,
        null,
        null,
        null,
        null,
        null,
        null,
        null,
        null
      ],
      "/Users/mark.daniels/GitHub/rails-emr-challenge/config/initializers/mime_types.rb": [
        null,
        null,
        null,
        null
      ],
      "/Users/mark.daniels/GitHub/rails-emr-challenge/config/initializers/wrap_parameters.rb": [
        null,
        null,
        null,
        null,
        null,
        null,
        1,
        2,
        null,
        null,
        null,
        null,
        null,
        null
      ],
      "/Users/mark.daniels/GitHub/rails-emr-challenge/spec/factories/diagnosis.rb": [
        1,
        1,
        61,
        61,
        null,
        null
      ],
      "/Users/mark.daniels/GitHub/rails-emr-challenge/spec/factories/medication.rb": [
        1,
        1,
        61,
        61,
        null,
        null
      ],
      "/Users/mark.daniels/GitHub/rails-emr-challenge/spec/factories/patient.rb": [
        1,
        1,
        221,
        221,
        221,
        null,
        null
      ],
      "/Users/mark.daniels/GitHub/rails-emr-challenge/spec/factories/patient_diagnosis.rb": [
        1,
        1,
        41,
        41,
        1,
        1,
        1,
        null,
        null
      ],
      "/Users/mark.daniels/GitHub/rails-emr-challenge/spec/factories/provider.rb": [
        1,
        1,
        81,
        81,
        81,
        81,
        81,
        null,
        null
      ],
      "/Users/mark.daniels/GitHub/rails-emr-challenge/spec/factories/treatment.rb": [
        1,
        1,
        41,
        41,
        41,
        1,
        1,
        null,
        null
      ],
      "/Users/mark.daniels/GitHub/rails-emr-challenge/spec/factories/visits.rb": [
        1,
        1,
        41,
        1,
        1,
        null,
        null
      ],
      "/Users/mark.daniels/GitHub/rails-emr-challenge/config/routes.rb": [
        1,
        1,
        1,
        1,
        1,
        null,
        1,
        1,
        1,
        null
      ],
      "/Users/mark.daniels/GitHub/rails-emr-challenge/app/models/application_record.rb": [
        1,
        1,
        null
      ],
      "/Users/mark.daniels/GitHub/rails-emr-challenge/spec/support/request_spec_helper.rb": [
        1,
        1,
        22,
        null,
        null
      ],
      "/Users/mark.daniels/GitHub/rails-emr-challenge/app/controllers/diagnoses_controller.rb": [
        1,
        1,
        2,
        2,
        null,
        null
      ],
      "/Users/mark.daniels/GitHub/rails-emr-challenge/app/controllers/application_controller.rb": [
        1,
        1,
        1,
        null
      ],
      "/Users/mark.daniels/GitHub/rails-emr-challenge/app/controllers/concerns/response.rb": [
        1,
        1,
        26,
        null,
        null
      ],
      "/Users/mark.daniels/GitHub/rails-emr-challenge/app/controllers/concerns/exception_handler.rb": [
        1,
        1,
        null,
        1,
        1,
        2,
        null,
        null,
        1,
        2,
        null,
        null,
        null
      ],
      "/Users/mark.daniels/GitHub/rails-emr-challenge/spec/controllers/medication_controller_spec.rb": [
        1,
        null,
        1,
        null,
        null
      ],
      "/Users/mark.daniels/GitHub/rails-emr-challenge/app/controllers/medications_controller.rb": [
        1,
        1,
        2,
        2,
        null,
        null
      ],
      "/Users/mark.daniels/GitHub/rails-emr-challenge/spec/controllers/patient_diagnoses_controller_spec.rb": [
        1,
        null,
        1,
        null,
        null
      ],
      "/Users/mark.daniels/GitHub/rails-emr-challenge/app/controllers/patient_diagnoses_controller.rb": [
        1,
        1,
        2,
        2,
        2,
        null,
        null,
        1,
        2,
        2,
        2,
        null,
        null,
        1,
        null,
        1,
        2,
        2,
        2,
        2,
        2,
        2,
        2,
        2,
        null,
        null,
        null,
        1,
        2,
        null,
        null,
        1,
        2,
        null,
        null
      ],
      "/Users/mark.daniels/GitHub/rails-emr-challenge/spec/controllers/patients_controller_spec.rb": [
        1,
        null,
        1,
        null,
        null
      ],
      "/Users/mark.daniels/GitHub/rails-emr-challenge/app/controllers/patients_controller.rb": [
        1,
        1,
        2,
        2,
        null,
        null,
        1,
        4,
        2,
        null,
        null,
        1,
        4,
        2,
        null,
        null,
        1,
        null,
        1,
        4,
        null,
        null,
        1,
        4,
        null,
        null
      ],
      "/Users/mark.daniels/GitHub/rails-emr-challenge/spec/controllers/treatments_controller_spec.rb": [
        1,
        null,
        1,
        null,
        null
      ],
      "/Users/mark.daniels/GitHub/rails-emr-challenge/app/controllers/treatments_controller.rb": [
        1,
        1,
        2,
        2,
        2,
        null,
        null,
        1,
        2,
        2,
        2,
        null,
        null,
        1,
        null,
        1,
        2,
        2,
        2,
        2,
        2,
        2,
        null,
        null,
        null,
        1,
        2,
        null,
        null,
        1,
        2,
        null,
        null
      ],
      "/Users/mark.daniels/GitHub/rails-emr-challenge/spec/controllers/visits_controller_spec.rb": [
        1,
        null,
        1,
        null,
        null
      ],
      "/Users/mark.daniels/GitHub/rails-emr-challenge/app/controllers/visits_controller.rb": [
        1,
        1,
        2,
        2,
        2,
        null,
        null,
        1,
        2,
        2,
        2,
        null,
        null,
        1,
        null,
        1,
        2,
        2,
        2,
        2,
        2,
        null,
        null,
        null,
        1,
        2,
        null,
        null,
        1,
        2,
        null,
        null
      ],
      "/Users/mark.daniels/GitHub/rails-emr-challenge/spec/models/diagnosis_spec.rb": [
        1,
        null,
        1,
        2,
        2,
        2,
        null
      ],
      "/Users/mark.daniels/GitHub/rails-emr-challenge/app/models/diagnosis.rb": [
        1,
        1,
        1,
        null
      ],
      "/Users/mark.daniels/GitHub/rails-emr-challenge/spec/models/medication_spec.rb": [
        1,
        null,
        1,
        2,
        2,
        2,
        null
      ],
      "/Users/mark.daniels/GitHub/rails-emr-challenge/app/models/medication.rb": [
        1,
        1,
        1,
        null
      ],
      "/Users/mark.daniels/GitHub/rails-emr-challenge/spec/models/patient_diagnosis_spec.rb": [
        1,
        null,
        1,
        2,
        2,
        2,
        null
      ],
      "/Users/mark.daniels/GitHub/rails-emr-challenge/app/models/patient_diagnosis.rb": [
        1,
        1,
        1,
        1,
        1,
        null,
        1,
        45,
        null,
        null
      ],
      "/Users/mark.daniels/GitHub/rails-emr-challenge/spec/models/patient_spec.rb": [
        1,
        null,
        1,
        2,
        2,
        2,
        2,
        2,
        2,
        null
      ],
      "/Users/mark.daniels/GitHub/rails-emr-challenge/app/models/patient.rb": [
        1,
        1,
        1,
        1,
        1,
        null
      ],
      "/Users/mark.daniels/GitHub/rails-emr-challenge/spec/models/provider_spec.rb": [
        1,
        null,
        1,
        2,
        2,
        2,
        2,
        2,
        2,
        2,
        null
      ],
      "/Users/mark.daniels/GitHub/rails-emr-challenge/app/models/provider.rb": [
        1,
        1,
        1,
        1,
        null
      ],
      "/Users/mark.daniels/GitHub/rails-emr-challenge/spec/models/treatment_spec.rb": [
        1,
        null,
        1,
        2,
        2,
        2,
        null,
        1,
        1,
        null,
        null,
        null,
        null,
        1,
        1,
        1,
        null,
        null,
        null,
        null,
        null
      ],
      "/Users/mark.daniels/GitHub/rails-emr-challenge/app/models/treatment.rb": [
        1,
        1,
        1,
        1,
        null,
        1,
        47,
        null,
        null
      ],
      "/Users/mark.daniels/GitHub/rails-emr-challenge/spec/models/visit_spec.rb": [
        1,
        null,
        1,
        2,
        2,
        null,
        1,
        1,
        null,
        null,
        null,
        1,
        1,
        1,
        null,
        null,
        null,
        null
      ],
      "/Users/mark.daniels/GitHub/rails-emr-challenge/app/models/visit.rb": [
        1,
        1,
        1,
        1,
        null,
        1,
        46,
        null,
        null
      ],
      "/Users/mark.daniels/GitHub/rails-emr-challenge/spec/requests/diagnoses_spec.rb": [
        1,
        null,
        1,
        3,
        null,
        1,
        3,
        null,
        1,
        1,
        1,
        null,
        null,
        1,
        1,
        null,
        null,
        null
      ],
      "/Users/mark.daniels/GitHub/rails-emr-challenge/spec/requests/medications_spec.rb": [
        1,
        null,
        1,
        3,
        null,
        1,
        3,
        null,
        1,
        1,
        1,
        null,
        null,
        1,
        1,
        null,
        null,
        null
      ],
      "/Users/mark.daniels/GitHub/rails-emr-challenge/spec/requests/patient_diagnoses_spec.rb": [
        1,
        null,
        1,
        5,
        5,
        null,
        1,
        3,
        null,
        1,
        1,
        1,
        null,
        null,
        1,
        1,
        null,
        null,
        null,
        1,
        1,
        2,
        null,
        null,
        null,
        null,
        1,
        1,
        1,
        null,
        null,
        1,
        1,
        null,
        null,
        null
      ],
      "/Users/mark.daniels/GitHub/rails-emr-challenge/spec/requests/patients_spec.rb": [
        1,
        null,
        1,
        11,
        3,
        null,
        1,
        3,
        null,
        1,
        1,
        1,
        null,
        null,
        1,
        1,
        null,
        null,
        null,
        1,
        5,
        null,
        1,
        1,
        1,
        1,
        null,
        null,
        1,
        1,
        null,
        null,
        null,
        1,
        3,
        null,
        1,
        1,
        null,
        null,
        1,
        1,
        null,
        null,
        null,
        null,
        1,
        1,
        1,
        2,
        null,
        null,
        null,
        null,
        1,
        1,
        1,
        null,
        null,
        1,
        1,
        null,
        null,
        null,
        null,
        1,
        1,
        2,
        null,
        null,
        null,
        1,
        1,
        null,
        null,
        null,
        1,
        1,
        null,
        null,
        null
      ],
      "/Users/mark.daniels/GitHub/rails-emr-challenge/spec/requests/treatments_spec.rb": [
        1,
        null,
        1,
        5,
        5,
        null,
        1,
        3,
        null,
        1,
        1,
        1,
        null,
        null,
        1,
        1,
        null,
        null,
        null,
        1,
        1,
        2,
        null,
        null,
        null,
        null,
        1,
        1,
        1,
        null,
        null,
        1,
        1,
        null,
        null,
        null
      ],
      "/Users/mark.daniels/GitHub/rails-emr-challenge/spec/requests/visits_spec.rb": [
        1,
        null,
        1,
        5,
        5,
        null,
        1,
        3,
        null,
        1,
        1,
        1,
        null,
        null,
        1,
        1,
        null,
        null,
        null,
        1,
        1,
        2,
        null,
        null,
        null,
        1,
        1,
        1,
        null,
        null,
        1,
        1,
        null,
        null,
        null
      ]
    },
    "timestamp": 1569251623
  }
}
